2025-04-19 15:01:18,623 - INFO - Logging setup. Log file: logs\correlation_analysis_20250419_150118.log
2025-04-19 15:01:18,627 - INFO - Loaded dataset with 31 districts and 30 variables
2025-04-19 15:01:18,628 - INFO - Using AQI_mean as AQI variable
2025-04-19 15:01:18,629 - INFO - Using None as poverty variable
2025-04-19 15:01:18,630 - INFO - Starting correlation analysis
2025-04-19 15:01:18,631 - INFO - Calculating pearson correlations for 20 numeric variables
2025-04-19 15:01:18,634 - INFO - Top correlations with AQI (pearson):
2025-04-19 15:01:18,635 - INFO -   Aqi Median: 0.9340
2025-04-19 15:01:18,636 - INFO -   Aqi Max: 0.7271
2025-04-19 15:01:18,636 - INFO -   Urban Percentage: 0.5157
2025-04-19 15:01:18,637 - INFO -   Population Density: 0.4888
2025-04-19 15:01:18,638 - INFO - Calculating spearman correlations for 20 numeric variables
2025-04-19 15:01:18,641 - INFO - Top correlations with AQI (spearman):
2025-04-19 15:01:18,642 - INFO -   Aqi Median: 0.9266
2025-04-19 15:01:18,643 - INFO -   Aqi Max: 0.7612
2025-04-19 15:01:18,645 - INFO -   Urban Percentage: 0.4002
2025-04-19 15:01:18,645 - INFO -   Population Density: 0.3067
2025-04-19 15:01:18,646 - INFO - Creating correlation matrix visualization
2025-04-19 15:01:19,634 - INFO - Saved correlation matrix visualization
2025-04-19 15:01:19,982 - INFO - Created scatter plot: AQI vs Road Density
2025-04-19 15:01:20,317 - INFO - Created scatter plot: AQI vs Population Density
2025-04-19 15:01:20,680 - INFO - Created scatter plot: AQI vs Major Roads Ratio
2025-04-19 15:01:21,133 - INFO - Created correlation comparison visualization
2025-04-19 15:01:21,133 - INFO - Creating composite figure with multiple correlations
2025-04-19 15:01:22,482 - INFO - Created composite correlation visualization
2025-04-19 15:01:22,482 - INFO - Analyzing correlations for 3 area types
2025-04-19 15:01:22,514 - INFO - 
Key correlation differences by area type:
2025-04-19 15:01:22,515 - INFO - Road Density:
2025-04-19 15:01:22,515 - INFO -   rural: r=-0.336, p=0.173, n=18
2025-04-19 15:01:22,515 - INFO -   peri-urban: r=-0.627, p=0.070, n=9
2025-04-19 15:01:22,515 - INFO -   urban: r=-0.852, p=0.148, n=4
2025-04-19 15:01:22,515 - INFO - Population Density:
2025-04-19 15:01:22,515 - INFO -   rural: r=0.082, p=0.747, n=18
2025-04-19 15:01:22,515 - INFO -   peri-urban: r=-0.192, p=0.621, n=9
2025-04-19 15:01:22,515 - INFO -   urban: r=-0.789, p=0.211, n=4
2025-04-19 15:01:22,515 - INFO - Correlation analysis completed
