2025-04-19 14:54:58,516 - INFO - Logging setup
2025-04-19 14:54:58,522 - INFO - Loaded dataset with 31 districts
2025-04-19 14:54:58,525 - INFO - Using AQI_mean as AQI variable
2025-04-19 14:54:58,528 - INFO - Using None as poverty variable
2025-04-19 14:54:58,532 - INFO - Starting correlation analysis
2025-04-19 14:54:58,537 - INFO - Calculating pearson correlations
2025-04-19 14:54:58,541 - INFO - Top correlations with AQI:
2025-04-19 14:54:58,544 - INFO -   Aqi Median: 0.9340
2025-04-19 14:54:58,546 - INFO -   Aqi Max: 0.7271
2025-04-19 14:54:58,548 - INFO -   Urban Percentage: 0.5157
2025-04-19 14:54:58,550 - INFO -   Population Density: 0.4888
2025-04-19 14:54:58,551 - INFO - Calculating spearman correlations
2025-04-19 14:54:58,555 - INFO - Top correlations with AQI:
2025-04-19 14:54:58,555 - INFO -   Aqi Median: 0.9266
2025-04-19 14:54:58,558 - INFO -   Aqi Max: 0.7612
2025-04-19 14:54:58,558 - INFO -   Urban Percentage: 0.4002
2025-04-19 14:54:58,558 - INFO -   Population Density: 0.3067
2025-04-19 14:54:58,578 - INFO - Creating correlation matrix visualization
2025-04-19 14:54:59,589 - INFO - Saved correlation matrix visualization
2025-04-19 14:54:59,959 - INFO - Created scatter plot: AQI vs Road Density
2025-04-19 14:55:00,303 - INFO - Created scatter plot: AQI vs Population Density
2025-04-19 14:55:00,639 - INFO - Created scatter plot: AQI vs Major Roads Ratio
2025-04-19 14:55:00,966 - INFO - Created correlation comparison visualization
2025-04-19 14:55:00,966 - INFO - Creating composite figure with multiple correlations
2025-04-19 14:55:02,426 - INFO - Created composite correlation visualization
2025-04-19 14:55:02,426 - INFO - Analyzing correlations for 3 area types
2025-04-19 14:55:02,456 - INFO - Saved urban/rural correlation differences
2025-04-19 14:55:02,456 - INFO - Correlation analysis completed
