2025-04-19 15:07:04,790 - INFO - Logging setup. Log file: logs\correlation_analysis_20250419_150704.log
2025-04-19 15:07:04,795 - INFO - Loaded dataset with 31 districts and 30 variables
2025-04-19 15:07:04,797 - INFO - Using AQI_mean as AQI variable
2025-04-19 15:07:04,798 - INFO - Using None as poverty variable
2025-04-19 15:07:04,800 - INFO - Starting correlation analysis
2025-04-19 15:07:04,801 - INFO - Calculating pearson correlations for 20 numeric variables
2025-04-19 15:07:04,803 - INFO - Top correlations with AQI (pearson):
2025-04-19 15:07:04,805 - INFO -   Aqi Median: 0.9340
2025-04-19 15:07:04,806 - INFO -   Aqi Max: 0.7271
2025-04-19 15:07:04,806 - INFO -   Urban Percentage: 0.5157
2025-04-19 15:07:04,807 - INFO -   Population Density: 0.4888
2025-04-19 15:07:04,808 - INFO - Calculating spearman correlations for 20 numeric variables
2025-04-19 15:07:04,812 - INFO - Top correlations with AQI (spearman):
2025-04-19 15:07:04,814 - INFO -   Aqi Median: 0.9266
2025-04-19 15:07:04,814 - INFO -   Aqi Max: 0.7612
2025-04-19 15:07:04,816 - INFO -   Urban Percentage: 0.4002
2025-04-19 15:07:04,816 - INFO -   Population Density: 0.3067
2025-04-19 15:07:04,816 - INFO - Creating correlation matrix visualization
2025-04-19 15:07:05,763 - INFO - Saved correlation matrix visualization
2025-04-19 15:07:06,124 - INFO - Created scatter plot: AQI vs Road Density
2025-04-19 15:07:06,462 - INFO - Created scatter plot: AQI vs Population Density
2025-04-19 15:07:06,812 - INFO - Created scatter plot: AQI vs Major Roads Ratio
2025-04-19 15:07:07,211 - INFO - Created correlation comparison visualization
2025-04-19 15:07:07,212 - INFO - Creating composite figure with multiple correlations
2025-04-19 15:07:08,632 - INFO - Created composite correlation visualization
2025-04-19 15:07:08,632 - INFO - Analyzing correlations for 3 area types
2025-04-19 15:07:08,669 - INFO - 
Key correlation differences by area type:
2025-04-19 15:07:08,671 - INFO - Road Density:
2025-04-19 15:07:08,672 - INFO -   rural: r=-0.336, p=0.173, n=18
2025-04-19 15:07:08,673 - INFO -   peri-urban: r=-0.627, p=0.070, n=9
2025-04-19 15:07:08,675 - INFO -   urban: r=-0.852, p=0.148, n=4
2025-04-19 15:07:08,678 - INFO - Population Density:
2025-04-19 15:07:08,680 - INFO -   rural: r=0.082, p=0.747, n=18
2025-04-19 15:07:08,680 - INFO -   peri-urban: r=-0.192, p=0.621, n=9
2025-04-19 15:07:08,683 - INFO -   urban: r=-0.789, p=0.211, n=4
2025-04-19 15:07:08,684 - INFO - Correlation analysis completed
