2025-04-19 14:32:23,652 - INFO - Logging setup
2025-04-19 14:32:23,736 - INFO - Loaded dataset with 31 districts
2025-04-19 14:32:23,739 - INFO - Using AQI_mean as AQI variable
2025-04-19 14:32:23,740 - INFO - Using None as poverty variable
2025-04-19 14:32:23,744 - INFO - Starting correlation analysis
2025-04-19 14:32:23,747 - INFO - Calculating pearson correlations
2025-04-19 14:32:23,757 - INFO - Top correlations with AQI:
2025-04-19 14:32:23,759 - INFO -   Aqi Median: 0.9340
2025-04-19 14:32:23,761 - INFO -   Aqi Max: 0.7271
2025-04-19 14:32:23,762 - INFO -   Urban Percentage: 0.5157
2025-04-19 14:32:23,762 - INFO -   Population Density: 0.4888
2025-04-19 14:32:23,762 - INFO - Calculating spearman correlations
2025-04-19 14:32:23,769 - INFO - Top correlations with AQI:
2025-04-19 14:32:23,770 - INFO -   Aqi Median: 0.9266
2025-04-19 14:32:23,771 - INFO -   Aqi Max: 0.7612
2025-04-19 14:32:23,772 - INFO -   Urban Percentage: 0.4002
2025-04-19 14:32:23,773 - INFO -   Population Density: 0.3067
2025-04-19 14:32:23,773 - INFO - Creating correlation matrix visualization
2025-04-19 14:32:25,235 - INFO - Saved correlation matrix visualization
2025-04-19 14:32:25,892 - INFO - Created scatter plot: AQI vs Road Density
2025-04-19 14:32:26,504 - INFO - Created scatter plot: AQI vs Population Density
2025-04-19 14:32:27,009 - INFO - Created scatter plot: AQI vs Major Roads Ratio
2025-04-19 14:32:27,377 - INFO - Created correlation comparison visualization
2025-04-19 14:32:27,377 - INFO - Creating composite figure with multiple correlations
2025-04-19 14:32:28,851 - INFO - Created composite correlation visualization
2025-04-19 14:32:28,851 - INFO - Analyzing correlations for 3 area types
2025-04-19 14:32:28,889 - INFO - Saved urban/rural correlation differences
2025-04-19 14:32:28,898 - INFO - Correlation analysis completed
