2025-04-19 15:33:44,649 - INFO - Logging setup. Log file: logs\correlation_analysis_20250419_153344.log
2025-04-19 15:33:44,654 - INFO - Loaded dataset with 31 districts and 30 variables
2025-04-19 15:33:44,655 - INFO - Using AQI_mean as AQI variable
2025-04-19 15:33:44,656 - INFO - Using None as poverty variable
2025-04-19 15:33:44,657 - INFO - Starting correlation analysis
2025-04-19 15:33:44,659 - INFO - Calculating pearson correlations for 20 numeric variables
2025-04-19 15:33:44,661 - INFO - Top correlations with AQI (pearson):
2025-04-19 15:33:44,664 - INFO -   Aqi Median: 0.9340
2025-04-19 15:33:44,667 - INFO -   Aqi Max: 0.7271
2025-04-19 15:33:44,668 - INFO -   Urban Percentage: 0.5157
2025-04-19 15:33:44,669 - INFO -   Population Density: 0.4888
2025-04-19 15:33:44,670 - INFO - Calculating spearman correlations for 20 numeric variables
2025-04-19 15:33:44,674 - INFO - Top correlations with AQI (spearman):
2025-04-19 15:33:44,674 - INFO -   Aqi Median: 0.9266
2025-04-19 15:33:44,674 - INFO -   Aqi Max: 0.7612
2025-04-19 15:33:44,674 - INFO -   Urban Percentage: 0.4002
2025-04-19 15:33:44,674 - INFO -   Population Density: 0.3067
2025-04-19 15:33:44,680 - INFO - Creating correlation matrix visualization
2025-04-19 15:33:45,668 - INFO - Saved correlation matrix visualization
2025-04-19 15:33:46,029 - INFO - Created scatter plot: AQI vs Population Density
2025-04-19 15:33:46,366 - INFO - Created scatter plot: AQI vs Road Density
2025-04-19 15:33:46,966 - INFO - Created scatter plot: AQI vs Total Road Length
2025-04-19 15:33:47,508 - INFO - Created scatter plot: AQI vs Major Roads Ratio
2025-04-19 15:33:47,899 - INFO - Created scatter plot: AQI vs Major Roads Exposure
2025-04-19 15:33:48,435 - INFO - Created correlation comparison visualization
2025-04-19 15:33:48,446 - INFO - Creating composite figure with multiple correlations
2025-04-19 15:33:49,920 - INFO - Created composite correlation visualization
2025-04-19 15:33:49,921 - INFO - Analyzing correlations for 3 area types
2025-04-19 15:33:49,953 - INFO - 
Key correlation differences by area type:
2025-04-19 15:33:49,955 - INFO - Road Density:
2025-04-19 15:33:49,956 - INFO -   rural: r=-0.336, p=0.173, n=18
2025-04-19 15:33:49,957 - INFO -   peri-urban: r=-0.627, p=0.070, n=9
2025-04-19 15:33:49,959 - INFO -   urban: r=-0.852, p=0.148, n=4
2025-04-19 15:33:49,963 - INFO - Population Density:
2025-04-19 15:33:49,965 - INFO -   rural: r=0.082, p=0.747, n=18
2025-04-19 15:33:49,967 - INFO -   peri-urban: r=-0.192, p=0.621, n=9
2025-04-19 15:33:49,968 - INFO -   urban: r=-0.789, p=0.211, n=4
2025-04-19 15:33:49,973 - INFO - Correlation analysis completed
