2025-04-19 15:05:03,054 - INFO - Logging setup. Log file: logs\correlation_analysis_20250419_150503.log
2025-04-19 15:05:03,060 - INFO - Loaded dataset with 31 districts and 30 variables
2025-04-19 15:05:03,060 - INFO - Using AQI_mean as AQI variable
2025-04-19 15:05:03,060 - INFO - Using None as poverty variable
2025-04-19 15:05:03,060 - INFO - Starting correlation analysis
2025-04-19 15:05:03,060 - INFO - Calculating pearson correlations for 20 numeric variables
2025-04-19 15:05:03,060 - INFO - Top correlations with AQI (pearson):
2025-04-19 15:05:03,060 - INFO -   Aqi Median: 0.9340
2025-04-19 15:05:03,060 - INFO -   Aqi Max: 0.7271
2025-04-19 15:05:03,060 - INFO -   Urban Percentage: 0.5157
2025-04-19 15:05:03,073 - INFO -   Population Density: 0.4888
2025-04-19 15:05:03,075 - INFO - Calculating spearman correlations for 20 numeric variables
2025-04-19 15:05:03,080 - INFO - Top correlations with AQI (spearman):
2025-04-19 15:05:03,081 - INFO -   Aqi Median: 0.9266
2025-04-19 15:05:03,082 - INFO -   Aqi Max: 0.7612
2025-04-19 15:05:03,082 - INFO -   Urban Percentage: 0.4002
2025-04-19 15:05:03,083 - INFO -   Population Density: 0.3067
2025-04-19 15:05:03,084 - INFO - Creating correlation matrix visualization
2025-04-19 15:05:04,624 - INFO - Saved correlation matrix visualization
2025-04-19 15:05:05,062 - INFO - Created scatter plot: AQI vs Road Density
2025-04-19 15:05:05,528 - INFO - Created scatter plot: AQI vs Population Density
2025-04-19 15:05:05,954 - INFO - Created scatter plot: AQI vs Major Roads Ratio
2025-04-19 15:05:06,407 - INFO - Created correlation comparison visualization
2025-04-19 15:05:06,407 - INFO - Creating composite figure with multiple correlations
2025-04-19 15:05:07,892 - INFO - Created composite correlation visualization
2025-04-19 15:05:07,893 - INFO - Analyzing correlations for 3 area types
2025-04-19 15:05:07,926 - INFO - 
Key correlation differences by area type:
2025-04-19 15:05:07,939 - INFO - Road Density:
2025-04-19 15:05:07,942 - INFO -   rural: r=-0.336, p=0.173, n=18
2025-04-19 15:05:07,942 - INFO -   peri-urban: r=-0.627, p=0.070, n=9
2025-04-19 15:05:07,942 - INFO -   urban: r=-0.852, p=0.148, n=4
2025-04-19 15:05:07,942 - INFO - Population Density:
2025-04-19 15:05:07,942 - INFO -   rural: r=0.082, p=0.747, n=18
2025-04-19 15:05:07,942 - INFO -   peri-urban: r=-0.192, p=0.621, n=9
2025-04-19 15:05:07,942 - INFO -   urban: r=-0.789, p=0.211, n=4
2025-04-19 15:05:07,956 - INFO - Correlation analysis completed
