2025-04-19 15:32:18,645 - INFO - Logging setup. Log file: logs\correlation_analysis_20250419_153218.log
2025-04-19 15:32:18,662 - INFO - Loaded dataset with 31 districts and 30 variables
2025-04-19 15:32:18,662 - INFO - Using AQI_mean as AQI variable
2025-04-19 15:32:18,662 - INFO - Using None as poverty variable
2025-04-19 15:32:18,669 - INFO - Starting correlation analysis
2025-04-19 15:32:18,669 - INFO - Calculating pearson correlations for 20 numeric variables
2025-04-19 15:32:18,676 - INFO - Top correlations with AQI (pearson):
2025-04-19 15:32:18,681 - INFO -   Aqi Median: 0.9340
2025-04-19 15:32:18,683 - INFO -   Aqi Max: 0.7271
2025-04-19 15:32:18,685 - INFO -   Urban Percentage: 0.5157
2025-04-19 15:32:18,686 - INFO -   Population Density: 0.4888
2025-04-19 15:32:18,689 - INFO - Calculating spearman correlations for 20 numeric variables
2025-04-19 15:32:18,695 - INFO - Top correlations with AQI (spearman):
2025-04-19 15:32:18,698 - INFO -   Aqi Median: 0.9266
2025-04-19 15:32:18,700 - INFO -   Aqi Max: 0.7612
2025-04-19 15:32:18,700 - INFO -   Urban Percentage: 0.4002
2025-04-19 15:32:18,703 - INFO -   Population Density: 0.3067
2025-04-19 15:32:18,706 - INFO - Creating correlation matrix visualization
2025-04-19 15:32:20,003 - INFO - Saved correlation matrix visualization
2025-04-19 15:32:20,629 - INFO - Created scatter plot: AQI vs Population Density
2025-04-19 15:32:21,196 - INFO - Created scatter plot: AQI vs Road Density
2025-04-19 15:32:21,704 - INFO - Created scatter plot: AQI vs Total Road Length
2025-04-19 15:32:22,161 - INFO - Created scatter plot: AQI vs Major Roads Ratio
2025-04-19 15:32:22,688 - INFO - Created scatter plot: AQI vs Major Roads Exposure
2025-04-19 15:32:23,338 - INFO - Created correlation comparison visualization
2025-04-19 15:32:23,338 - INFO - Creating composite figure with multiple correlations
2025-04-19 15:32:24,768 - INFO - Created composite correlation visualization
2025-04-19 15:32:24,781 - INFO - Analyzing correlations for 3 area types
2025-04-19 15:32:24,832 - INFO - 
Key correlation differences by area type:
2025-04-19 15:32:24,833 - INFO - Road Density:
2025-04-19 15:32:24,835 - INFO -   rural: r=-0.336, p=0.173, n=18
2025-04-19 15:32:24,836 - INFO -   peri-urban: r=-0.627, p=0.070, n=9
2025-04-19 15:32:24,838 - INFO -   urban: r=-0.852, p=0.148, n=4
2025-04-19 15:32:24,839 - INFO - Population Density:
2025-04-19 15:32:24,839 - INFO -   rural: r=0.082, p=0.747, n=18
2025-04-19 15:32:24,839 - INFO -   peri-urban: r=-0.192, p=0.621, n=9
2025-04-19 15:32:24,839 - INFO -   urban: r=-0.789, p=0.211, n=4
2025-04-19 15:32:24,839 - INFO - Correlation analysis completed
