2025-04-19 14:39:20,789 - INFO - Logging setup
2025-04-19 14:39:20,795 - INFO - Loaded dataset with 31 districts
2025-04-19 14:39:20,796 - INFO - Using AQI_mean as AQI variable
2025-04-19 14:39:20,797 - INFO - Using None as poverty variable
2025-04-19 14:39:20,799 - INFO - Starting correlation analysis
2025-04-19 14:39:20,801 - INFO - Calculating pearson correlations
2025-04-19 14:39:20,806 - INFO - Top correlations with AQI:
2025-04-19 14:39:20,808 - INFO -   Aqi Median: 0.9340
2025-04-19 14:39:20,809 - INFO -   Aqi Max: 0.7271
2025-04-19 14:39:20,810 - INFO -   Urban Percentage: 0.5157
2025-04-19 14:39:20,812 - INFO -   Population Density: 0.4888
2025-04-19 14:39:20,813 - INFO - Calculating spearman correlations
2025-04-19 14:39:20,817 - INFO - Top correlations with AQI:
2025-04-19 14:39:20,819 - INFO -   Aqi Median: 0.9266
2025-04-19 14:39:20,819 - INFO -   Aqi Max: 0.7612
2025-04-19 14:39:20,819 - INFO -   Urban Percentage: 0.4002
2025-04-19 14:39:20,819 - INFO -   Population Density: 0.3067
2025-04-19 14:39:20,826 - INFO - Creating correlation matrix visualization
2025-04-19 14:39:22,077 - INFO - Saved correlation matrix visualization
2025-04-19 14:39:22,452 - INFO - Created scatter plot: AQI vs Road Density
2025-04-19 14:39:22,802 - INFO - Created scatter plot: AQI vs Population Density
2025-04-19 14:39:23,756 - INFO - Created scatter plot: AQI vs Major Roads Ratio
2025-04-19 14:39:24,101 - INFO - Created correlation comparison visualization
2025-04-19 14:39:24,101 - INFO - Creating composite figure with multiple correlations
2025-04-19 14:39:25,550 - INFO - Created composite correlation visualization
2025-04-19 14:39:25,550 - INFO - Analyzing correlations for 3 area types
2025-04-19 14:39:25,567 - INFO - Saved urban/rural correlation differences
2025-04-19 14:39:25,578 - INFO - Correlation analysis completed
