2025-04-19 14:35:58,194 - INFO - Logging setup
2025-04-19 14:35:58,205 - INFO - Loaded dataset with 31 districts
2025-04-19 14:35:58,207 - INFO - Using AQI_mean as AQI variable
2025-04-19 14:35:58,208 - INFO - Using None as poverty variable
2025-04-19 14:35:58,210 - INFO - Starting correlation analysis
2025-04-19 14:35:58,212 - INFO - Calculating pearson correlations
2025-04-19 14:35:58,214 - INFO - Top correlations with AQI:
2025-04-19 14:35:58,216 - INFO -   Aqi Median: 0.9340
2025-04-19 14:35:58,217 - INFO -   Aqi Max: 0.7271
2025-04-19 14:35:58,218 - INFO -   Urban Percentage: 0.5157
2025-04-19 14:35:58,221 - INFO -   Population Density: 0.4888
2025-04-19 14:35:58,222 - INFO - Calculating spearman correlations
2025-04-19 14:35:58,226 - INFO - Top correlations with AQI:
2025-04-19 14:35:58,227 - INFO -   Aqi Median: 0.9266
2025-04-19 14:35:58,228 - INFO -   Aqi Max: 0.7612
2025-04-19 14:35:58,229 - INFO -   Urban Percentage: 0.4002
2025-04-19 14:35:58,230 - INFO -   Population Density: 0.3067
2025-04-19 14:35:58,232 - INFO - Creating correlation matrix visualization
2025-04-19 14:35:59,348 - INFO - Saved correlation matrix visualization
2025-04-19 14:35:59,788 - INFO - Created scatter plot: AQI vs Road Density
2025-04-19 14:36:00,354 - INFO - Created scatter plot: AQI vs Population Density
2025-04-19 14:36:00,699 - INFO - Created scatter plot: AQI vs Major Roads Ratio
2025-04-19 14:36:01,144 - INFO - Created correlation comparison visualization
2025-04-19 14:36:01,145 - INFO - Creating composite figure with multiple correlations
2025-04-19 14:36:02,666 - INFO - Created composite correlation visualization
2025-04-19 14:36:02,666 - INFO - Analyzing correlations for 3 area types
2025-04-19 14:36:02,700 - INFO - Saved urban/rural correlation differences
2025-04-19 14:36:02,700 - INFO - Correlation analysis completed
