2025-04-19 15:51:28,955 - INFO - Logging setup
2025-04-19 15:51:28,956 - INFO - Loaded dataset with 31 districts
2025-04-19 15:51:28,956 - INFO - Using AQI_mean as AQI variable
2025-04-19 15:51:28,956 - INFO - Starting correlation analysis
2025-04-19 15:51:28,956 - INFO - Calculating pearson correlations for 7 variables
2025-04-19 15:51:28,972 - INFO - Top pearson correlations with AQI:
2025-04-19 15:51:28,973 - INFO -   Urban %: 0.5157
2025-04-19 15:51:28,975 - INFO -   Rural %: -0.5157
2025-04-19 15:51:28,975 - INFO -   Population Density: 0.4888
2025-04-19 15:51:28,976 - INFO -   Road Density: 0.2539
2025-04-19 15:51:28,978 - INFO -   Avg YOY Change: 0.1739
2025-04-19 15:51:28,979 - INFO -   % Within 1km: 0.1065
2025-04-19 15:51:28,980 - INFO - Calculating spearman correlations for 7 variables
2025-04-19 15:51:28,984 - INFO - Top spearman correlations with AQI:
2025-04-19 15:51:28,985 - INFO -   Urban %: 0.4002
2025-04-19 15:51:28,987 - INFO -   Rural %: -0.4002
2025-04-19 15:51:28,988 - INFO -   Population Density: 0.3067
2025-04-19 15:51:28,989 - INFO -   Avg YOY Change: 0.2914
2025-04-19 15:51:28,989 - INFO -   Road Density: 0.0930
2025-04-19 15:51:28,991 - INFO -   % Within 1km: -0.0837
2025-04-19 15:51:28,992 - INFO - Creating correlation matrix visualization
2025-04-19 15:51:29,472 - INFO - Saved correlation matrix visualization
2025-04-19 15:51:29,819 - INFO - Created correlation comparison visualization
2025-04-19 15:51:30,193 - INFO - Created scatter plot: AQI vs Road Density
2025-04-19 15:51:30,609 - INFO - Created scatter plot: AQI vs Population Density
2025-04-19 15:51:30,990 - INFO - Created scatter plot: AQI vs Urban %
2025-04-19 15:51:31,405 - INFO - Created scatter plot: AQI vs Rural %
2025-04-19 15:51:31,753 - INFO - Created scatter plot: AQI vs % Within 1km
2025-04-19 15:51:32,124 - INFO - Created scatter plot: AQI vs Avg YOY Change
2025-04-19 15:51:32,124 - INFO - Creating composite figure with multiple correlations
2025-04-19 15:51:34,003 - INFO - Created composite correlation visualization
2025-04-19 15:51:34,004 - INFO - Analyzing correlations for 3 area types
2025-04-19 15:51:34,057 - INFO - Saved urban/rural correlation differences
2025-04-19 15:51:34,057 - INFO - Correlation analysis completed
