2025-04-19 14:03:32,044 - INFO - Logging setup. Log file: logs\correlation_analysis_20250419_140332.log
2025-04-19 14:03:32,059 - INFO - Loaded dataset with 31 districts and 30 variables
2025-04-19 14:03:32,059 - INFO - Using AQI_mean as AQI variable
2025-04-19 14:03:32,059 - INFO - Using None as poverty variable
2025-04-19 14:03:32,067 - INFO - Starting correlation analysis
2025-04-19 14:03:32,070 - INFO - Calculating pearson correlations for 20 numeric variables
2025-04-19 14:03:32,077 - INFO - Top correlations with AQI (pearson):
2025-04-19 14:03:32,077 - INFO -   Aqi Median: 0.9340
2025-04-19 14:03:32,084 - INFO -   Aqi Max: 0.7271
2025-04-19 14:03:32,087 - INFO -   Urban Percentage: 0.5157
2025-04-19 14:03:32,087 - INFO -   Population Density: 0.4888
2025-04-19 14:03:32,097 - INFO - Calculating spearman correlations for 20 numeric variables
2025-04-19 14:03:32,107 - INFO - Top correlations with AQI (spearman):
2025-04-19 14:03:32,110 - INFO -   Aqi Median: 0.9266
2025-04-19 14:03:32,113 - INFO -   Aqi Max: 0.7612
2025-04-19 14:03:32,114 - INFO -   Urban Percentage: 0.4002
2025-04-19 14:03:32,116 - INFO -   Population Density: 0.3067
2025-04-19 14:03:32,118 - INFO - Creating correlation matrix visualization
2025-04-19 14:03:33,984 - INFO - Saved correlation matrix visualization
2025-04-19 14:03:34,623 - INFO - Created scatter plot: AQI vs Road Density
2025-04-19 14:03:35,199 - INFO - Created scatter plot: AQI vs Population Density
2025-04-19 14:03:35,759 - INFO - Created scatter plot: AQI vs Major Roads Ratio
2025-04-19 14:03:36,523 - INFO - Created correlation comparison visualization
2025-04-19 14:03:36,523 - INFO - Creating composite figure with multiple correlations
2025-04-19 14:03:38,919 - INFO - Created composite correlation visualization
2025-04-19 14:03:38,919 - INFO - Analyzing correlations for 3 area types
2025-04-19 14:03:38,989 - INFO - 
Key correlation differences by area type:
2025-04-19 14:03:39,004 - INFO - Road Density:
2025-04-19 14:03:39,004 - INFO -   rural: r=-0.336, p=0.173, n=18
2025-04-19 14:03:39,007 - INFO -   peri-urban: r=-0.627, p=0.070, n=9
2025-04-19 14:03:39,007 - INFO -   urban: r=-0.852, p=0.148, n=4
2025-04-19 14:03:39,015 - INFO - Population Density:
2025-04-19 14:03:39,015 - INFO -   rural: r=0.082, p=0.747, n=18
2025-04-19 14:03:39,020 - INFO -   peri-urban: r=-0.192, p=0.621, n=9
2025-04-19 14:03:39,020 - INFO -   urban: r=-0.789, p=0.211, n=4
2025-04-19 14:03:39,042 - INFO - Correlation analysis completed
