2025-04-19 15:29:22,607 - INFO - Logging setup
2025-04-19 15:29:22,618 - INFO - Loaded dataset with 31 districts
2025-04-19 15:29:22,618 - INFO - Using AQI_mean as AQI variable
2025-04-19 15:29:22,618 - INFO - Using None as poverty variable
2025-04-19 15:29:22,618 - INFO - Starting correlation analysis
2025-04-19 15:29:22,618 - INFO - Calculating pearson correlations
2025-04-19 15:29:22,618 - INFO - Top pearson correlations with AQI:
2025-04-19 15:29:22,618 - INFO -   Aqi Median: 0.9340
2025-04-19 15:29:22,618 - INFO -   Aqi Max: 0.7271
2025-04-19 15:29:22,635 - INFO -   Urban Percentage: 0.5157
2025-04-19 15:29:22,635 - INFO -   Population Density: 0.4888
2025-04-19 15:29:22,635 - INFO - Calculating spearman correlations
2025-04-19 15:29:22,635 - INFO - Top spearman correlations with AQI:
2025-04-19 15:29:22,635 - INFO -   Aqi Median: 0.9266
2025-04-19 15:29:22,635 - INFO -   Aqi Max: 0.7612
2025-04-19 15:29:22,635 - INFO -   Urban Percentage: 0.4002
2025-04-19 15:29:22,635 - INFO -   Population Density: 0.3067
2025-04-19 15:29:22,646 - INFO - Creating correlation matrix visualization
2025-04-19 15:29:23,704 - INFO - Saved correlation matrix visualization
2025-04-19 15:29:24,030 - INFO - Created scatter plot: AQI vs Road Density
2025-04-19 15:29:24,587 - INFO - Created scatter plot: AQI vs Population Density
2025-04-19 15:29:25,038 - INFO - Created scatter plot: AQI vs Major Roads Ratio
2025-04-19 15:29:25,414 - INFO - Created scatter plot: AQI vs Total Road Length
2025-04-19 15:29:25,797 - INFO - Created scatter plot: AQI vs Major Roads Exposure
2025-04-19 15:29:26,212 - INFO - Created correlation comparison visualization
2025-04-19 15:29:26,212 - INFO - Creating composite figure with multiple correlations
2025-04-19 15:29:27,514 - INFO - Created composite correlation visualization
2025-04-19 15:29:27,514 - INFO - Analyzing correlations for 3 area types
2025-04-19 15:29:27,570 - INFO - Saved urban/rural correlation differences
2025-04-19 15:29:27,570 - INFO - Correlation analysis completed
