2025-04-19 14:04:14,566 - INFO - Logging setup. Log file: logs\correlation_analysis_20250419_140414.log
2025-04-19 14:04:14,575 - INFO - Loaded dataset with 31 districts and 30 variables
2025-04-19 14:04:14,582 - INFO - Using AQI_mean as AQI variable
2025-04-19 14:04:14,582 - INFO - Using None as poverty variable
2025-04-19 14:04:14,582 - INFO - Starting correlation analysis
2025-04-19 14:04:14,582 - INFO - Calculating pearson correlations for 20 numeric variables
2025-04-19 14:04:14,592 - INFO - Top correlations with AQI (pearson):
2025-04-19 14:04:14,592 - INFO -   Aqi Median: 0.9340
2025-04-19 14:04:14,598 - INFO -   Aqi Max: 0.7271
2025-04-19 14:04:14,598 - INFO -   Urban Percentage: 0.5157
2025-04-19 14:04:14,598 - INFO -   Population Density: 0.4888
2025-04-19 14:04:14,604 - INFO - Calculating spearman correlations for 20 numeric variables
2025-04-19 14:04:14,609 - INFO - Top correlations with AQI (spearman):
2025-04-19 14:04:14,613 - INFO -   Aqi Median: 0.9266
2025-04-19 14:04:14,614 - INFO -   Aqi Max: 0.7612
2025-04-19 14:04:14,614 - INFO -   Urban Percentage: 0.4002
2025-04-19 14:04:14,617 - INFO -   Population Density: 0.3067
2025-04-19 14:04:14,619 - INFO - Creating correlation matrix visualization
2025-04-19 14:04:16,557 - INFO - Saved correlation matrix visualization
2025-04-19 14:04:17,151 - INFO - Created scatter plot: AQI vs Road Density
2025-04-19 14:04:17,759 - INFO - Created scatter plot: AQI vs Population Density
2025-04-19 14:04:18,310 - INFO - Created scatter plot: AQI vs Major Roads Ratio
2025-04-19 14:04:19,049 - INFO - Created correlation comparison visualization
2025-04-19 14:04:19,049 - INFO - Creating composite figure with multiple correlations
2025-04-19 14:04:21,551 - INFO - Created composite correlation visualization
2025-04-19 14:04:21,551 - INFO - Analyzing correlations for 3 area types
2025-04-19 14:04:21,598 - INFO - 
Key correlation differences by area type:
2025-04-19 14:04:21,613 - INFO - Road Density:
2025-04-19 14:04:21,613 - INFO -   rural: r=-0.336, p=0.173, n=18
2025-04-19 14:04:21,618 - INFO -   peri-urban: r=-0.627, p=0.070, n=9
2025-04-19 14:04:21,618 - INFO -   urban: r=-0.852, p=0.148, n=4
2025-04-19 14:04:21,618 - INFO - Population Density:
2025-04-19 14:04:21,618 - INFO -   rural: r=0.082, p=0.747, n=18
2025-04-19 14:04:21,618 - INFO -   peri-urban: r=-0.192, p=0.621, n=9
2025-04-19 14:04:21,629 - INFO -   urban: r=-0.789, p=0.211, n=4
2025-04-19 14:04:21,635 - INFO - Correlation analysis completed
