2025-04-19 14:00:17,955 - INFO - Logging setup. Log file: logs\correlation_analysis_20250419_140017.log
2025-04-19 14:00:18,108 - INFO - Loaded dataset with 31 districts and 30 variables
2025-04-19 14:00:18,108 - INFO - Using AQI_mean as AQI variable
2025-04-19 14:00:18,122 - INFO - Using None as poverty variable
2025-04-19 14:00:18,138 - INFO - Starting correlation analysis
2025-04-19 14:00:18,151 - INFO - Calculating pearson correlations for 20 numeric variables
2025-04-19 14:00:18,180 - INFO - Top correlations with AQI (pearson):
2025-04-19 14:00:18,191 - INFO -   Aqi Median: 0.9340
2025-04-19 14:00:18,195 - INFO -   Aqi Max: 0.7271
2025-04-19 14:00:18,195 - INFO -   Urban Percentage: 0.5157
2025-04-19 14:00:18,207 - INFO -   Population Density: 0.4888
2025-04-19 14:00:18,207 - INFO - Calculating spearman correlations for 20 numeric variables
2025-04-19 14:00:18,224 - INFO - Top correlations with AQI (spearman):
2025-04-19 14:00:18,233 - INFO -   Aqi Median: 0.9266
2025-04-19 14:00:18,241 - INFO -   Aqi Max: 0.7612
2025-04-19 14:00:18,241 - INFO -   Urban Percentage: 0.4002
2025-04-19 14:00:18,250 - INFO -   Population Density: 0.3067
2025-04-19 14:00:18,250 - INFO - Creating correlation matrix visualization
2025-04-19 14:00:20,240 - INFO - Saved correlation matrix visualization
2025-04-19 14:00:21,126 - INFO - Created scatter plot: AQI vs Road Density
2025-04-19 14:00:21,840 - INFO - Created scatter plot: AQI vs Population Density
2025-04-19 14:00:22,422 - INFO - Created scatter plot: AQI vs Major Roads Ratio
2025-04-19 14:00:23,217 - INFO - Created correlation comparison visualization
2025-04-19 14:00:23,219 - INFO - Creating composite figure with multiple correlations
2025-04-19 14:00:26,059 - INFO - Created composite correlation visualization
2025-04-19 14:00:26,059 - INFO - Analyzing correlations for 3 area types
2025-04-19 14:00:26,236 - INFO - 
Key correlation differences by area type:
2025-04-19 14:00:26,243 - INFO - Road Density:
2025-04-19 14:00:26,243 - INFO -   rural: r=-0.336, p=0.173, n=18
2025-04-19 14:00:26,251 - INFO -   peri-urban: r=-0.627, p=0.070, n=9
2025-04-19 14:00:26,251 - INFO -   urban: r=-0.852, p=0.148, n=4
2025-04-19 14:00:26,262 - INFO - Population Density:
2025-04-19 14:00:26,262 - INFO -   rural: r=0.082, p=0.747, n=18
2025-04-19 14:00:26,269 - INFO -   peri-urban: r=-0.192, p=0.621, n=9
2025-04-19 14:00:26,275 - INFO -   urban: r=-0.789, p=0.211, n=4
2025-04-19 14:00:26,311 - INFO - Correlation analysis completed
