2025-04-19 14:07:55,533 - INFO - Logging setup. Log file: logs\correlation_analysis_20250419_140755.log
2025-04-19 14:07:55,544 - INFO - Loaded dataset with 31 districts and 30 variables
2025-04-19 14:07:55,544 - INFO - Using AQI_mean as AQI variable
2025-04-19 14:07:55,544 - INFO - Using None as poverty variable
2025-04-19 14:07:55,551 - INFO - Starting correlation analysis
2025-04-19 14:07:55,553 - INFO - Calculating pearson correlations for 20 numeric variables
2025-04-19 14:07:55,561 - INFO - Top correlations with AQI (pearson):
2025-04-19 14:07:55,561 - INFO -   Aqi Median: 0.9340
2025-04-19 14:07:55,561 - INFO -   Aqi Max: 0.7271
2025-04-19 14:07:55,561 - INFO -   Urban Percentage: 0.5157
2025-04-19 14:07:55,568 - INFO -   Population Density: 0.4888
2025-04-19 14:07:55,568 - INFO - Calculating spearman correlations for 20 numeric variables
2025-04-19 14:07:55,576 - INFO - Top correlations with AQI (spearman):
2025-04-19 14:07:55,576 - INFO -   Aqi Median: 0.9266
2025-04-19 14:07:55,580 - INFO -   Aqi Max: 0.7612
2025-04-19 14:07:55,581 - INFO -   Urban Percentage: 0.4002
2025-04-19 14:07:55,584 - INFO -   Population Density: 0.3067
2025-04-19 14:07:55,588 - INFO - Creating correlation matrix visualization
2025-04-19 14:07:57,468 - INFO - Saved correlation matrix visualization
2025-04-19 14:07:58,204 - INFO - Created scatter plot: AQI vs Road Density
2025-04-19 14:07:58,828 - INFO - Created scatter plot: AQI vs Population Density
2025-04-19 14:07:59,851 - INFO - Created scatter plot: AQI vs Major Roads Ratio
2025-04-19 14:08:00,972 - INFO - Created correlation comparison visualization
2025-04-19 14:08:00,972 - INFO - Creating composite figure with multiple correlations
2025-04-19 14:08:04,704 - INFO - Created composite correlation visualization
2025-04-19 14:08:04,711 - INFO - Analyzing correlations for 3 area types
2025-04-19 14:08:04,814 - INFO - 
Key correlation differences by area type:
2025-04-19 14:08:04,817 - INFO - Road Density:
2025-04-19 14:08:04,817 - INFO -   rural: r=-0.336, p=0.173, n=18
2025-04-19 14:08:04,817 - INFO -   peri-urban: r=-0.627, p=0.070, n=9
2025-04-19 14:08:04,817 - INFO -   urban: r=-0.852, p=0.148, n=4
2025-04-19 14:08:04,830 - INFO - Population Density:
2025-04-19 14:08:04,830 - INFO -   rural: r=0.082, p=0.747, n=18
2025-04-19 14:08:04,836 - INFO -   peri-urban: r=-0.192, p=0.621, n=9
2025-04-19 14:08:04,836 - INFO -   urban: r=-0.789, p=0.211, n=4
2025-04-19 14:08:04,852 - INFO - Correlation analysis completed
