2025-04-19 15:42:35,440 - INFO - Logging setup. Log file: logs\correlation_analysis_20250419_154235.log
2025-04-19 15:42:35,445 - INFO - Loaded dataset with 31 districts and 30 variables
2025-04-19 15:42:35,447 - INFO - Using AQI_mean as AQI variable
2025-04-19 15:42:35,448 - INFO - Using None as poverty variable
2025-04-19 15:42:35,450 - INFO - Starting correlation analysis
2025-04-19 15:42:35,451 - INFO - Calculating pearson correlations for 20 numeric variables
2025-04-19 15:42:35,454 - INFO - Top correlations with AQI (pearson):
2025-04-19 15:42:35,455 - INFO -   Aqi Median: 0.9340
2025-04-19 15:42:35,455 - INFO -   Aqi Max: 0.7271
2025-04-19 15:42:35,455 - INFO -   Urban Percentage: 0.5157
2025-04-19 15:42:35,455 - INFO -   Population Density: 0.4888
2025-04-19 15:42:35,455 - INFO - Calculating spearman correlations for 20 numeric variables
2025-04-19 15:42:35,462 - INFO - Top correlations with AQI (spearman):
2025-04-19 15:42:35,462 - INFO -   Aqi Median: 0.9266
2025-04-19 15:42:35,462 - INFO -   Aqi Max: 0.7612
2025-04-19 15:42:35,462 - INFO -   Urban Percentage: 0.4002
2025-04-19 15:42:35,462 - INFO -   Population Density: 0.3067
2025-04-19 15:42:35,462 - INFO - Creating correlation matrix visualization
2025-04-19 15:42:36,416 - INFO - Saved correlation matrix visualization
2025-04-19 15:42:36,743 - INFO - Created scatter plot: AQI vs Population Density
2025-04-19 15:42:37,104 - INFO - Created scatter plot: AQI vs Road Density
2025-04-19 15:42:37,452 - INFO - Created scatter plot: AQI vs Total Road Length
2025-04-19 15:42:37,781 - INFO - Created scatter plot: AQI vs Major Roads Ratio
2025-04-19 15:42:38,128 - INFO - Created scatter plot: AQI vs Major Roads Exposure
2025-04-19 15:42:38,593 - INFO - Created correlation comparison visualization
2025-04-19 15:42:38,593 - INFO - Creating composite figure with multiple correlations
2025-04-19 15:42:39,826 - INFO - Created composite correlation visualization
2025-04-19 15:42:39,826 - INFO - Analyzing correlations for 3 area types
2025-04-19 15:42:39,842 - INFO - 
Key correlation differences by area type:
2025-04-19 15:42:39,858 - INFO - Road Density:
2025-04-19 15:42:39,858 - INFO -   rural: r=-0.336, p=0.173, n=18
2025-04-19 15:42:39,858 - INFO -   peri-urban: r=-0.627, p=0.070, n=9
2025-04-19 15:42:39,858 - INFO -   urban: r=-0.852, p=0.148, n=4
2025-04-19 15:42:39,858 - INFO - Population Density:
2025-04-19 15:42:39,858 - INFO -   rural: r=0.082, p=0.747, n=18
2025-04-19 15:42:39,858 - INFO -   peri-urban: r=-0.192, p=0.621, n=9
2025-04-19 15:42:39,858 - INFO -   urban: r=-0.789, p=0.211, n=4
2025-04-19 15:42:39,858 - INFO - Correlation analysis completed
