2025-04-19 12:50:23,755 - INFO - Logging setup. Log file: logs\correlation_analysis_20250419_125023.log
2025-04-19 12:50:23,808 - INFO - Loaded dataset with 31 districts and 30 variables
2025-04-19 12:50:23,809 - INFO - Using AQI_mean as AQI variable
2025-04-19 12:50:23,812 - INFO - Using None as poverty variable
2025-04-19 12:50:23,817 - INFO - Starting correlation analysis
2025-04-19 12:50:23,829 - INFO - Calculating pearson correlations for 20 numeric variables
2025-04-19 12:50:23,839 - INFO - Top correlations with AQI (pearson):
2025-04-19 12:50:23,846 - INFO -   Aqi Median: 0.9340
2025-04-19 12:50:23,846 - INFO -   Aqi Max: 0.7271
2025-04-19 12:50:23,851 - INFO -   Urban Percentage: 0.5157
2025-04-19 12:50:23,852 - INFO -   Population Density: 0.4888
2025-04-19 12:50:23,852 - INFO - Calculating spearman correlations for 20 numeric variables
2025-04-19 12:50:23,862 - INFO - Top correlations with AQI (spearman):
2025-04-19 12:50:23,865 - INFO -   Aqi Median: 0.9266
2025-04-19 12:50:23,867 - INFO -   Aqi Max: 0.7612
2025-04-19 12:50:23,868 - INFO -   Urban Percentage: 0.4002
2025-04-19 12:50:23,870 - INFO -   Population Density: 0.3067
2025-04-19 12:50:23,872 - INFO - Creating correlation matrix visualization
2025-04-19 12:50:25,023 - INFO - Saved correlation matrix visualization
2025-04-19 12:50:25,420 - INFO - Created scatter plot: AQI vs Road Density
2025-04-19 12:50:25,786 - INFO - Created scatter plot: AQI vs Population Density
2025-04-19 12:50:26,139 - INFO - Created scatter plot: AQI vs Major Roads Exposure
2025-04-19 12:50:26,486 - INFO - Created scatter plot: AQI vs Road Coverage
2025-04-19 12:50:27,001 - INFO - Created correlation comparison visualization
2025-04-19 12:50:27,001 - INFO - Creating composite figure with multiple correlations
2025-04-19 12:50:28,851 - INFO - Created composite correlation visualization
2025-04-19 12:50:28,851 - INFO - Analyzing correlations for 3 area types
2025-04-19 12:50:28,890 - INFO - 
Key correlation differences by area type:
2025-04-19 12:50:28,903 - INFO - Road Density:
2025-04-19 12:50:28,905 - INFO -   rural: r=-0.336, p=0.173, n=18
2025-04-19 12:50:28,907 - INFO -   peri-urban: r=-0.627, p=0.070, n=9
2025-04-19 12:50:28,907 - INFO -   urban: r=-0.852, p=0.148, n=4
2025-04-19 12:50:28,907 - INFO - Population Density:
2025-04-19 12:50:28,907 - INFO -   rural: r=0.082, p=0.747, n=18
2025-04-19 12:50:28,907 - INFO -   peri-urban: r=-0.192, p=0.621, n=9
2025-04-19 12:50:28,907 - INFO -   urban: r=-0.789, p=0.211, n=4
2025-04-19 12:50:28,917 - INFO - Correlation analysis completed
