2025-04-19 14:40:29,128 - INFO - Logging setup
2025-04-19 14:40:29,134 - INFO - Loaded dataset with 31 districts
2025-04-19 14:40:29,134 - INFO - Using AQI_mean as AQI variable
2025-04-19 14:40:29,135 - INFO - Using None as poverty variable
2025-04-19 14:40:29,137 - INFO - Starting correlation analysis
2025-04-19 14:40:29,139 - INFO - Calculating pearson correlations
2025-04-19 14:40:29,143 - INFO - Top correlations with AQI:
2025-04-19 14:40:29,145 - INFO -   Aqi Median: 0.9340
2025-04-19 14:40:29,146 - INFO -   Aqi Max: 0.7271
2025-04-19 14:40:29,147 - INFO -   Urban Percentage: 0.5157
2025-04-19 14:40:29,149 - INFO -   Population Density: 0.4888
2025-04-19 14:40:29,150 - INFO - Calculating spearman correlations
2025-04-19 14:40:29,153 - INFO - Top correlations with AQI:
2025-04-19 14:40:29,155 - INFO -   Aqi Median: 0.9266
2025-04-19 14:40:29,156 - INFO -   Aqi Max: 0.7612
2025-04-19 14:40:29,158 - INFO -   Urban Percentage: 0.4002
2025-04-19 14:40:29,159 - INFO -   Population Density: 0.3067
2025-04-19 14:40:29,166 - INFO - Creating correlation matrix visualization
2025-04-19 14:40:30,276 - INFO - Saved correlation matrix visualization
2025-04-19 14:40:30,626 - INFO - Created scatter plot: AQI vs Road Density
2025-04-19 14:40:31,028 - INFO - Created scatter plot: AQI vs Population Density
2025-04-19 14:40:31,381 - INFO - Created scatter plot: AQI vs Major Roads Ratio
2025-04-19 14:40:31,808 - INFO - Created correlation comparison visualization
2025-04-19 14:40:31,808 - INFO - Creating composite figure with multiple correlations
2025-04-19 14:40:33,291 - INFO - Created composite correlation visualization
2025-04-19 14:40:33,291 - INFO - Analyzing correlations for 3 area types
2025-04-19 14:40:33,324 - INFO - Saved urban/rural correlation differences
2025-04-19 14:40:33,326 - INFO - Correlation analysis completed
