2025-04-19 16:22:42,798 - INFO - Logging setup
2025-04-19 16:22:42,814 - INFO - Loaded dataset with 31 districts
2025-04-19 16:22:42,829 - INFO - Using AQI_mean as dependent variable
2025-04-19 16:22:42,829 - INFO - Starting regression analysis
2025-04-19 16:22:42,829 - INFO - Fitting basic regression model with predictors: road_density_m_km2, population_density, pct_within_1km
2025-04-19 16:22:42,845 - INFO - Variance Inflation Factors (VIF):
2025-04-19 16:22:42,861 - INFO -   road_density_m_km2: 4.27
2025-04-19 16:22:42,861 - INFO -   population_density: 3.24
2025-04-19 16:22:42,861 - INFO -   pct_within_1km: 2.66
2025-04-19 16:22:42,893 - INFO - 
Model basic Summary:
2025-04-19 16:22:42,893 - INFO -   R-squared: 0.3623
2025-04-19 16:22:42,893 - INFO -   Adjusted R-squared: 0.2914
2025-04-19 16:22:42,893 - INFO -   F-statistic: 5.1131 (p=0.0062)
2025-04-19 16:22:42,893 - INFO -   Coefficients:
2025-04-19 16:22:42,908 - INFO -     road_density_m_km2: -0.2368 (p=0.4623)
2025-04-19 16:22:42,908 - INFO -     population_density: 0.9451 (p=0.0020)
2025-04-19 16:22:42,908 - INFO -     pct_within_1km: -0.3711 (p=0.1502)
2025-04-19 16:22:42,908 - INFO - Fitting extended regression model with predictors: road_density_m_km2, population_density, pct_within_1km, urban_percentage, avg_yoy_change
2025-04-19 16:22:42,940 - INFO - Variance Inflation Factors (VIF):
2025-04-19 16:22:42,940 - INFO -   road_density_m_km2: 5.35
2025-04-19 16:22:42,940 - INFO -   population_density: 8.83
2025-04-19 16:22:42,940 - INFO -   pct_within_1km: 3.92
2025-04-19 16:22:42,955 - INFO -   urban_percentage: 6.81
2025-04-19 16:22:42,955 - INFO -   avg_yoy_change: 1.37
2025-04-19 16:22:42,955 - WARNING - High multicollinearity detected:
2025-04-19 16:22:42,971 - WARNING -   road_density_m_km2: VIF = 5.35
2025-04-19 16:22:42,971 - WARNING -   population_density: VIF = 8.83
2025-04-19 16:22:42,971 - WARNING -   urban_percentage: VIF = 6.81
2025-04-19 16:22:42,989 - INFO - 
Model extended Summary:
2025-04-19 16:22:42,989 - INFO -   R-squared: 0.3779
2025-04-19 16:22:42,989 - INFO -   Adjusted R-squared: 0.2535
2025-04-19 16:22:43,003 - INFO -   F-statistic: 3.0377 (p=0.0281)
2025-04-19 16:22:43,003 - INFO -   Coefficients:
2025-04-19 16:22:43,003 - INFO -     road_density_m_km2: -0.3297 (p=0.3747)
2025-04-19 16:22:43,003 - INFO -     population_density: 0.6502 (p=0.1777)
2025-04-19 16:22:43,018 - INFO -     pct_within_1km: -0.2694 (p=0.3969)
2025-04-19 16:22:43,018 - INFO -     urban_percentage: 0.3233 (p=0.4395)
2025-04-19 16:22:43,018 - INFO -     avg_yoy_change: 0.0333 (p=0.8580)
2025-04-19 16:22:43,018 - INFO - Fitting urban regression model with predictors: urban_percentage, population_density, road_density_m_km2
2025-04-19 16:22:43,034 - INFO - Variance Inflation Factors (VIF):
2025-04-19 16:22:43,034 - INFO -   urban_percentage: 5.91
2025-04-19 16:22:43,034 - INFO -   population_density: 7.53
2025-04-19 16:22:43,034 - INFO -   road_density_m_km2: 3.19
2025-04-19 16:22:43,050 - WARNING - High multicollinearity detected:
2025-04-19 16:22:43,050 - WARNING -   urban_percentage: VIF = 5.91
2025-04-19 16:22:43,050 - WARNING -   population_density: VIF = 7.53
2025-04-19 16:22:43,159 - INFO - 
Model urban Summary:
2025-04-19 16:22:43,159 - INFO -   R-squared: 0.3482
2025-04-19 16:22:43,159 - INFO -   Adjusted R-squared: 0.2758
2025-04-19 16:22:43,159 - INFO -   F-statistic: 4.8082 (p=0.0083)
2025-04-19 16:22:43,159 - INFO -   Coefficients:
2025-04-19 16:22:43,175 - INFO -     urban_percentage: 0.4719 (p=0.2220)
2025-04-19 16:22:43,175 - INFO -     population_density: 0.4769 (p=0.2730)
2025-04-19 16:22:43,175 - INFO -     road_density_m_km2: -0.5053 (p=0.0796)
2025-04-19 16:22:44,161 - INFO - Saved regression coefficients plot
