2025-04-19 19:55:25,375 - INFO - Logging setup
2025-04-19 19:55:25,381 - INFO - Loaded dataset with 31 districts
2025-04-19 19:55:25,382 - INFO - Using AQI_mean as dependent variable
2025-04-19 19:55:25,383 - INFO - Starting regression analysis
2025-04-19 19:55:25,385 - INFO - Fitting full regression model with predictors: road_density_m_km2, population_density, urban_percentage, major_roads_ratio, total_road_length_m, major_roads_exposure_index, avg_yoy_change
2025-04-19 19:55:25,400 - INFO - Variance Inflation Factors (VIF):
2025-04-19 19:55:25,401 - INFO -   road_density_m_km2: 14.29
2025-04-19 19:55:25,401 - INFO -   population_density: 22.59
2025-04-19 19:55:25,401 - INFO -   urban_percentage: 9.88
2025-04-19 19:55:25,401 - INFO -   major_roads_ratio: 7.75
2025-04-19 19:55:25,401 - INFO -   total_road_length_m: 3.33
2025-04-19 19:55:25,414 - INFO -   major_roads_exposure_index: 12.84
2025-04-19 19:55:25,415 - INFO -   avg_yoy_change: 2.06
2025-04-19 19:55:25,416 - WARNING - High multicollinearity detected:
2025-04-19 19:55:25,417 - WARNING -   road_density_m_km2: VIF = 14.29
2025-04-19 19:55:25,418 - WARNING -   population_density: VIF = 22.59
2025-04-19 19:55:25,420 - WARNING -   urban_percentage: VIF = 9.88
2025-04-19 19:55:25,420 - WARNING -   major_roads_ratio: VIF = 7.75
2025-04-19 19:55:25,420 - WARNING -   major_roads_exposure_index: VIF = 12.84
2025-04-19 19:55:25,431 - INFO - Best predictors for full: major_roads_exposure_index
2025-04-19 19:55:25,432 - INFO - Fitting best regression model with predictors: major_roads_exposure_index
2025-04-19 19:55:25,434 - INFO - Variance Inflation Factors (VIF):
2025-04-19 19:55:25,434 - INFO -   major_roads_exposure_index: 1.00
2025-04-19 19:55:25,726 - INFO - Saved regression coefficients plot
2025-04-19 19:55:26,028 - INFO - Saved actual vs. predicted plot
2025-04-19 19:55:26,259 - INFO - Saved regression coefficients plot
2025-04-19 19:55:26,600 - INFO - Saved actual vs. predicted plot
2025-04-19 19:55:26,826 - INFO - Saved performance comparison plot
2025-04-19 19:55:26,826 - INFO - Regression analysis completed
