2025-04-19 17:51:37,501 - INFO - Logging setup
2025-04-19 17:51:37,506 - INFO - Loaded dataset with 31 districts
2025-04-19 17:51:37,507 - INFO - Using AQI_mean as dependent variable
2025-04-19 17:51:37,508 - INFO - Starting regression analysis
2025-04-19 17:51:37,508 - INFO - Fitting roads regression model with predictors: road_density_m_km2, major_roads_ratio, total_road_length_m, major_roads_exposure_index
2025-04-19 17:51:37,513 - INFO - Variance Inflation Factors (VIF):
2025-04-19 17:51:37,513 - INFO -   road_density_m_km2: 3.96
2025-04-19 17:51:37,513 - INFO -   major_roads_ratio: 3.79
2025-04-19 17:51:37,513 - INFO -   total_road_length_m: 1.67
2025-04-19 17:51:37,513 - INFO -   major_roads_exposure_index: 7.65
2025-04-19 17:51:37,513 - WARNING - High multicollinearity detected:
2025-04-19 17:51:37,529 - WARNING -   major_roads_exposure_index: VIF = 7.65
2025-04-19 17:51:37,529 - INFO - Fitting density regression model with predictors: population_density, road_density_m_km2
2025-04-19 17:51:37,544 - INFO - Variance Inflation Factors (VIF):
2025-04-19 17:51:37,544 - INFO -   population_density: 3.17
2025-04-19 17:51:37,544 - INFO -   road_density_m_km2: 3.17
2025-04-19 17:51:37,560 - INFO - Note: Poverty index not found in dataset; using other socioeconomic metrics
2025-04-19 17:51:37,560 - INFO - Fitting socioeconomic regression model with predictors: population_density, road_density_m_km2, urban_percentage, avg_yoy_change
2025-04-19 17:51:37,560 - INFO - Variance Inflation Factors (VIF):
2025-04-19 17:51:37,560 - INFO -   population_density: 7.56
2025-04-19 17:51:37,560 - INFO -   road_density_m_km2: 3.23
2025-04-19 17:51:37,560 - INFO -   urban_percentage: 5.95
2025-04-19 17:51:37,576 - INFO -   avg_yoy_change: 1.06
2025-04-19 17:51:37,576 - WARNING - High multicollinearity detected:
2025-04-19 17:51:37,576 - WARNING -   population_density: VIF = 7.56
2025-04-19 17:51:37,576 - WARNING -   urban_percentage: VIF = 5.95
2025-04-19 17:51:37,858 - INFO - Saved regression coefficients plot
2025-04-19 17:51:38,130 - INFO - Saved actual vs. predicted plot
2025-04-19 17:51:38,870 - INFO - Saved residual diagnostics plot
2025-04-19 17:51:39,102 - INFO - Saved regression coefficients plot
2025-04-19 17:51:39,390 - INFO - Saved actual vs. predicted plot
2025-04-19 17:51:40,260 - INFO - Saved residual diagnostics plot
2025-04-19 17:51:40,511 - INFO - Saved regression coefficients plot
2025-04-19 17:51:40,864 - INFO - Saved actual vs. predicted plot
2025-04-19 17:51:41,743 - INFO - Saved residual diagnostics plot
2025-04-19 17:51:41,743 - INFO - Regression analysis completed
