2025-04-19 19:40:47,206 - INFO - Logging setup
2025-04-19 19:40:47,220 - INFO - Loaded dataset with 31 districts
2025-04-19 19:40:47,222 - INFO - Using AQI_mean as dependent variable
2025-04-19 19:40:47,222 - INFO - Starting regression analysis
2025-04-19 19:40:47,232 - INFO - Fitting roads regression model with predictors: road_density_m_km2, major_roads_ratio, total_road_length_m, major_roads_exposure_index
2025-04-19 19:40:47,277 - INFO - Variance Inflation Factors (VIF):
2025-04-19 19:40:47,285 - INFO -   road_density_m_km2: 3.96
2025-04-19 19:40:47,285 - INFO -   major_roads_ratio: 3.79
2025-04-19 19:40:47,285 - INFO -   total_road_length_m: 1.67
2025-04-19 19:40:47,292 - INFO -   major_roads_exposure_index: 7.65
2025-04-19 19:40:47,292 - WARNING - High multicollinearity detected:
2025-04-19 19:40:47,297 - WARNING -   major_roads_exposure_index: VIF = 7.65
2025-04-19 19:40:47,312 - INFO - Fitting density regression model with predictors: population_density, road_density_m_km2
2025-04-19 19:40:47,322 - INFO - Variance Inflation Factors (VIF):
2025-04-19 19:40:47,322 - INFO -   population_density: 3.17
2025-04-19 19:40:47,322 - INFO -   road_density_m_km2: 3.17
2025-04-19 19:40:47,322 - INFO - Note: Poverty index not found in dataset; using other socioeconomic metrics
2025-04-19 19:40:47,332 - INFO - Fitting socioeconomic regression model with predictors: population_density, road_density_m_km2, urban_percentage, avg_yoy_change
2025-04-19 19:40:47,335 - INFO - Variance Inflation Factors (VIF):
2025-04-19 19:40:47,342 - INFO -   population_density: 7.56
2025-04-19 19:40:47,342 - INFO -   road_density_m_km2: 3.23
2025-04-19 19:40:47,342 - INFO -   urban_percentage: 5.95
2025-04-19 19:40:47,342 - INFO -   avg_yoy_change: 1.06
2025-04-19 19:40:47,342 - WARNING - High multicollinearity detected:
2025-04-19 19:40:47,342 - WARNING -   population_density: VIF = 7.56
2025-04-19 19:40:47,342 - WARNING -   urban_percentage: VIF = 5.95
2025-04-19 19:40:47,752 - INFO - Saved regression coefficients plot
2025-04-19 19:40:48,042 - INFO - Saved actual vs. predicted plot
2025-04-19 19:40:48,323 - INFO - Saved regression coefficients plot
2025-04-19 19:40:48,782 - INFO - Saved actual vs. predicted plot
2025-04-19 19:40:49,048 - INFO - Saved regression coefficients plot
2025-04-19 19:40:49,352 - INFO - Saved actual vs. predicted plot
2025-04-19 19:40:49,647 - INFO - Saved performance comparison plot
2025-04-19 19:40:49,658 - INFO - Regression analysis completed
